[   INFO] RendererManager init :  (/home/mcamier/Workspace/ganeshEngine/ganeshEngineCore/Source/ghGLRendererManager.cpp at line: 46)
[   INFO] 	 renderer : GeForce GTX 770/PCIe/SSE2 (/home/mcamier/Workspace/ganeshEngine/ganeshEngineCore/Source/ghGLRendererManager.cpp at line: 47)
[   INFO] 	 version : 3.2.0 NVIDIA 364.19 (/home/mcamier/Workspace/ganeshEngine/ganeshEngineCore/Source/ghGLRendererManager.cpp at line: 48)
[   INFO] GL Context param : (/home/mcamier/Workspace/ganeshEngine/ganeshEngineCore/Source/ghGLRendererManager.cpp at line: 50)
[   INFO] 	GL_MAX_COMBINED_TEXTURE_IMAGE_UNITS : 192 (/home/mcamier/Workspace/ganeshEngine/ganeshEngineCore/Source/ghGLRendererManager.cpp at line: 54)
[   INFO] 	GL_MAX_CUBE_MAP_TEXTURE_SIZE : 16384 (/home/mcamier/Workspace/ganeshEngine/ganeshEngineCore/Source/ghGLRendererManager.cpp at line: 54)
[   INFO] 	GL_MAX_DRAW_BUFFERS : 8 (/home/mcamier/Workspace/ganeshEngine/ganeshEngineCore/Source/ghGLRendererManager.cpp at line: 54)
[   INFO] 	GL_MAX_FRAGMENT_UNIFORM_COMPONENTS : 4096 (/home/mcamier/Workspace/ganeshEngine/ganeshEngineCore/Source/ghGLRendererManager.cpp at line: 54)
[   INFO] 	GL_MAX_TEXTURE_IMAGE_UNITS : 32 (/home/mcamier/Workspace/ganeshEngine/ganeshEngineCore/Source/ghGLRendererManager.cpp at line: 54)
[   INFO] 	GL_MAX_TEXTURE_SIZE : 16384 (/home/mcamier/Workspace/ganeshEngine/ganeshEngineCore/Source/ghGLRendererManager.cpp at line: 54)
[   INFO] 	GL_MAX_VARYING_FLOATS : 0 (/home/mcamier/Workspace/ganeshEngine/ganeshEngineCore/Source/ghGLRendererManager.cpp at line: 54)
[   INFO] 	GL_MAX_VERTEX_ATTRIBS : 16 (/home/mcamier/Workspace/ganeshEngine/ganeshEngineCore/Source/ghGLRendererManager.cpp at line: 54)
[   INFO] 	GL_MAX_VERTEX_TEXTURE_IMAGE_UNITS : 32 (/home/mcamier/Workspace/ganeshEngine/ganeshEngineCore/Source/ghGLRendererManager.cpp at line: 54)
[   INFO] 	GL_MAX_VERTEX_UNIFORM_COMPONENTS : 4096 (/home/mcamier/Workspace/ganeshEngine/ganeshEngineCore/Source/ghGLRendererManager.cpp at line: 54)
[   INFO] 	GL_MAX_VERTEX_ATTRIBS : 16 (/home/mcamier/Workspace/ganeshEngine/ganeshEngineCore/Source/ghGLRendererManager.cpp at line: 54)
[   INFO] 	GL_MAX_VIEWPORT_DIMS : 16384 (/home/mcamier/Workspace/ganeshEngine/ganeshEngineCore/Source/ghGLRendererManager.cpp at line: 54)
[   INFO] 	GL_STEREO : 0 (/home/mcamier/Workspace/ganeshEngine/ganeshEngineCore/Source/ghGLRendererManager.cpp at line: 54)
[  TRACE] CPU :  (/home/mcamier/Workspace/ganeshEngine/ganeshEngineCore/Source/ghApplication.cpp at line: 61)
[  TRACE] 	 8 cores (/home/mcamier/Workspace/ganeshEngine/ganeshEngineCore/Source/ghApplication.cpp at line: 62)
[   INFO] ProfilesManager details (/home/mcamier/Workspace/ganeshEngine/ganeshEngineCore/Source/ghProfilerManager.cpp at line: 40)
[   INFO] 	rendering [avg : 16.6208] [min : 10.4813] [max : 24.9793] (/home/mcamier/Workspace/ganeshEngine/ganeshEngineCore/Source/ghProfilerManager.cpp at line: 42)
[   INFO] 	simulation [avg : 0.000486541] [min : 0.000282] [max : 0.001092] (/home/mcamier/Workspace/ganeshEngine/ganeshEngineCore/Source/ghProfilerManager.cpp at line: 42)
